# JRE version: OpenJDK Runtime Environment (16.0.2+7) (build 16.0.2+7-67)
# Java VM: OpenJDK 64-Bit Server VM (16.0.2+7-67, mixed mode, sharing, tiered, compressed oops, compressed class ptrs, g1 gc, linux-amd64)
GC Precious Log:
 CPUs: 8 total, 8 available
 Memory: 15892M
 Large Page Support: Disabled
 NUMA Support: Disabled
 Compressed Oops: Enabled (Zero based)
 Heap Region Size: 2M
 Heap Min Capacity: 8M
 Heap Initial Capacity: 250M
 Heap Max Capacity: 3974M
 Pre-touch: Disabled
 Parallel Workers: 8
 Concurrent Workers: 2
 Concurrent Refinement Workers: 8
 Periodic GC: Disabled
Heap:
 garbage-first heap   total 81920K, used 52017K [0x0000000707a00000, 0x0000000800000000)
  region size 2048K, 23 young (47104K), 4 survivors (8192K)
 Metaspace       used 24928K, committed 25152K, reserved 1073152K
  class space    used 2333K, committed 2432K, reserved 1048576K
GC Heap History (8 events):
Event: 0,326 GC heap before
{Heap before GC invocations=0 (full 0):
 garbage-first heap   total 260096K, used 22484K [0x0000000707a00000, 0x0000000800000000)
  region size 2048K, 11 young (22528K), 0 survivors (0K)
 Metaspace       used 3269K, committed 3392K, reserved 1056768K
  class space    used 332K, committed 384K, reserved 1048576K
}
Event: 0,337 GC heap after
{Heap after GC invocations=1 (full 0):
 garbage-first heap   total 260096K, used 6307K [0x0000000707a00000, 0x0000000800000000)
  region size 2048K, 2 young (4096K), 2 survivors (4096K)
 Metaspace       used 3269K, committed 3392K, reserved 1056768K
  class space    used 332K, committed 384K, reserved 1048576K
}
Event: 1,755 GC heap before
{Heap before GC invocations=1 (full 0):
 garbage-first heap   total 260096K, used 39075K [0x0000000707a00000, 0x0000000800000000)
  region size 2048K, 18 young (36864K), 2 survivors (4096K)
 Metaspace       used 17030K, committed 17344K, reserved 1064960K
  class space    used 1907K, committed 2048K, reserved 1048576K
}
Event: 1,761 GC heap after
{Heap after GC invocations=2 (full 0):
 garbage-first heap   total 260096K, used 10100K [0x0000000707a00000, 0x0000000800000000)
  region size 2048K, 2 young (4096K), 2 survivors (4096K)
 Metaspace       used 17030K, committed 17344K, reserved 1064960K
  class space    used 1907K, committed 2048K, reserved 1048576K
}
Event: 2,179 GC heap before
{Heap before GC invocations=2 (full 0):
 garbage-first heap   total 260096K, used 163700K [0x0000000707a00000, 0x0000000800000000)
  region size 2048K, 75 young (153600K), 2 survivors (4096K)
 Metaspace       used 19646K, committed 19904K, reserved 1073152K
  class space    used 2144K, committed 2304K, reserved 1048576K
}
Event: 2,184 GC heap after
{Heap after GC invocations=3 (full 0):
 garbage-first heap   total 260096K, used 16433K [0x0000000707a00000, 0x0000000800000000)
  region size 2048K, 4 young (8192K), 4 survivors (8192K)
 Metaspace       used 19646K, committed 19904K, reserved 1073152K
  class space    used 2144K, committed 2304K, reserved 1048576K
}
Event: 2,411 GC heap before
{Heap before GC invocations=3 (full 0):
 garbage-first heap   total 260096K, used 24625K [0x0000000707a00000, 0x0000000800000000)
  region size 2048K, 9 young (18432K), 4 survivors (8192K)
 Metaspace       used 21015K, committed 21248K, reserved 1073152K
  class space    used 2188K, committed 2304K, reserved 1048576K
}
Event: 2,413 GC heap after
{Heap after GC invocations=4 (full 0):
 garbage-first heap   total 260096K, used 17201K [0x0000000707a00000, 0x0000000800000000)
  region size 2048K, 4 young (8192K), 4 survivors (8192K)
 Metaspace       used 21015K, committed 21248K, reserved 1073152K
  class space    used 2188K, committed 2304K, reserved 1048576K
}

