# JRE version: OpenJDK Runtime Environment (16.0.2+7) (build 16.0.2+7-67)
# Java VM: OpenJDK 64-Bit Server VM (16.0.2+7-67, mixed mode, sharing, tiered, compressed oops, compressed class ptrs, g1 gc, linux-amd64)
GC Precious Log:
 CPUs: 8 total, 8 available
 Memory: 15892M
 Large Page Support: Disabled
 NUMA Support: Disabled
 Compressed Oops: Enabled (Zero based)
 Heap Region Size: 2M
 Heap Min Capacity: 8M
 Heap Initial Capacity: 250M
 Heap Max Capacity: 3974M
 Pre-touch: Disabled
 Parallel Workers: 8
 Concurrent Workers: 2
 Concurrent Refinement Workers: 8
 Periodic GC: Disabled
Heap:
 garbage-first heap   total 75776K, used 32393K [0x0000000707a00000, 0x0000000800000000)
  region size 2048K, 10 young (20480K), 2 survivors (4096K)
 Metaspace       used 24981K, committed 25216K, reserved 1073152K
  class space    used 2332K, committed 2432K, reserved 1048576K
GC Heap History (10 events):
Event: 0,304 GC heap before
{Heap before GC invocations=0 (full 0):
 garbage-first heap   total 260096K, used 22484K [0x0000000707a00000, 0x0000000800000000)
  region size 2048K, 11 young (22528K), 0 survivors (0K)
 Metaspace       used 3268K, committed 3392K, reserved 1056768K
  class space    used 332K, committed 384K, reserved 1048576K
}
Event: 0,307 GC heap after
{Heap after GC invocations=1 (full 0):
 garbage-first heap   total 260096K, used 6132K [0x0000000707a00000, 0x0000000800000000)
  region size 2048K, 2 young (4096K), 2 survivors (4096K)
 Metaspace       used 3268K, committed 3392K, reserved 1056768K
  class space    used 332K, committed 384K, reserved 1048576K
}
Event: 1,660 GC heap before
{Heap before GC invocations=1 (full 0):
 garbage-first heap   total 260096K, used 40948K [0x0000000707a00000, 0x0000000800000000)
  region size 2048K, 19 young (38912K), 2 survivors (4096K)
 Metaspace       used 17529K, committed 17792K, reserved 1064960K
  class space    used 1918K, committed 2048K, reserved 1048576K
}
Event: 1,664 GC heap after
{Heap after GC invocations=2 (full 0):
 garbage-first heap   total 260096K, used 10121K [0x0000000707a00000, 0x0000000800000000)
  region size 2048K, 2 young (4096K), 2 survivors (4096K)
 Metaspace       used 17529K, committed 17792K, reserved 1064960K
  class space    used 1918K, committed 2048K, reserved 1048576K
}
Event: 1,983 GC heap before
{Heap before GC invocations=2 (full 0):
 garbage-first heap   total 260096K, used 163721K [0x0000000707a00000, 0x0000000800000000)
  region size 2048K, 75 young (153600K), 2 survivors (4096K)
 Metaspace       used 17667K, committed 17920K, reserved 1064960K
  class space    used 1933K, committed 2048K, reserved 1048576K
}
Event: 1,987 GC heap after
{Heap after GC invocations=3 (full 0):
 garbage-first heap   total 260096K, used 17102K [0x0000000707a00000, 0x0000000800000000)
  region size 2048K, 4 young (8192K), 4 survivors (8192K)
 Metaspace       used 17667K, committed 17920K, reserved 1064960K
  class space    used 1933K, committed 2048K, reserved 1048576K
}
Event: 2,294 GC heap before
{Heap before GC invocations=3 (full 0):
 garbage-first heap   total 260096K, used 33486K [0x0000000707a00000, 0x0000000800000000)
  region size 2048K, 13 young (26624K), 4 survivors (8192K)
 Metaspace       used 21035K, committed 21248K, reserved 1073152K
  class space    used 2187K, committed 2304K, reserved 1048576K
}
Event: 2,298 GC heap after
{Heap after GC invocations=4 (full 0):
 garbage-first heap   total 260096K, used 16864K [0x0000000707a00000, 0x0000000800000000)
  region size 2048K, 4 young (8192K), 4 survivors (8192K)
 Metaspace       used 21035K, committed 21248K, reserved 1073152K
  class space    used 2187K, committed 2304K, reserved 1048576K
}
Event: 3,920 GC heap before
{Heap before GC invocations=5 (full 0):
 garbage-first heap   total 75776K, used 53728K [0x0000000707a00000, 0x0000000800000000)
  region size 2048K, 22 young (45056K), 4 survivors (8192K)
 Metaspace       used 24883K, committed 25152K, reserved 1073152K
  class space    used 2327K, committed 2432K, reserved 1048576K
}
Event: 3,928 GC heap after
{Heap after GC invocations=6 (full 0):
 garbage-first heap   total 75776K, used 18057K [0x0000000707a00000, 0x0000000800000000)
  region size 2048K, 2 young (4096K), 2 survivors (4096K)
 Metaspace       used 24883K, committed 25152K, reserved 1073152K
  class space    used 2327K, committed 2432K, reserved 1048576K
}

