# JRE version: OpenJDK Runtime Environment (16.0.2+7) (build 16.0.2+7-67)
# Java VM: OpenJDK 64-Bit Server VM (16.0.2+7-67, mixed mode, sharing, tiered, compressed oops, compressed class ptrs, g1 gc, linux-amd64)
GC Precious Log:
 CPUs: 8 total, 8 available
 Memory: 15892M
 Large Page Support: Disabled
 NUMA Support: Disabled
 Compressed Oops: Enabled (Zero based)
 Heap Region Size: 2M
 Heap Min Capacity: 8M
 Heap Initial Capacity: 250M
 Heap Max Capacity: 3974M
 Pre-touch: Disabled
 Parallel Workers: 8
 Concurrent Workers: 2
 Concurrent Refinement Workers: 8
 Periodic GC: Disabled
Heap:
 garbage-first heap   total 75776K, used 46230K [0x0000000707a00000, 0x0000000800000000)
  region size 2048K, 20 young (40960K), 4 survivors (8192K)
 Metaspace       used 24903K, committed 25152K, reserved 1073152K
  class space    used 2332K, committed 2432K, reserved 1048576K
GC Heap History (10 events):
Event: 0,409 GC heap before
{Heap before GC invocations=0 (full 0):
 garbage-first heap   total 260096K, used 22484K [0x0000000707a00000, 0x0000000800000000)
  region size 2048K, 11 young (22528K), 0 survivors (0K)
 Metaspace       used 3252K, committed 3328K, reserved 1056768K
  class space    used 332K, committed 384K, reserved 1048576K
}
Event: 0,414 GC heap after
{Heap after GC invocations=1 (full 0):
 garbage-first heap   total 260096K, used 6129K [0x0000000707a00000, 0x0000000800000000)
  region size 2048K, 2 young (4096K), 2 survivors (4096K)
 Metaspace       used 3252K, committed 3328K, reserved 1056768K
  class space    used 332K, committed 384K, reserved 1048576K
}
Event: 1,995 GC heap before
{Heap before GC invocations=1 (full 0):
 garbage-first heap   total 260096K, used 38897K [0x0000000707a00000, 0x0000000800000000)
  region size 2048K, 19 young (38912K), 2 survivors (4096K)
 Metaspace       used 17510K, committed 17792K, reserved 1064960K
  class space    used 1918K, committed 2048K, reserved 1048576K
}
Event: 1,999 GC heap after
{Heap after GC invocations=2 (full 0):
 garbage-first heap   total 260096K, used 10158K [0x0000000707a00000, 0x0000000800000000)
  region size 2048K, 2 young (4096K), 2 survivors (4096K)
 Metaspace       used 17510K, committed 17792K, reserved 1064960K
  class space    used 1918K, committed 2048K, reserved 1048576K
}
Event: 2,289 GC heap before
{Heap before GC invocations=2 (full 0):
 garbage-first heap   total 260096K, used 161710K [0x0000000707a00000, 0x0000000800000000)
  region size 2048K, 75 young (153600K), 2 survivors (4096K)
 Metaspace       used 17651K, committed 17856K, reserved 1064960K
  class space    used 1934K, committed 2048K, reserved 1048576K
}
Event: 2,292 GC heap after
{Heap after GC invocations=3 (full 0):
 garbage-first heap   total 260096K, used 16941K [0x0000000707a00000, 0x0000000800000000)
  region size 2048K, 4 young (8192K), 4 survivors (8192K)
 Metaspace       used 17651K, committed 17856K, reserved 1064960K
  class space    used 1934K, committed 2048K, reserved 1048576K
}
Event: 2,369 GC heap before
{Heap before GC invocations=3 (full 0):
 garbage-first heap   total 260096K, used 162349K [0x0000000707a00000, 0x0000000800000000)
  region size 2048K, 75 young (153600K), 4 survivors (8192K)
 Metaspace       used 17651K, committed 17856K, reserved 1064960K
  class space    used 1934K, committed 2048K, reserved 1048576K
}
Event: 2,371 GC heap after
{Heap after GC invocations=4 (full 0):
 garbage-first heap   total 260096K, used 16143K [0x0000000707a00000, 0x0000000800000000)
  region size 2048K, 3 young (6144K), 3 survivors (6144K)
 Metaspace       used 17651K, committed 17856K, reserved 1064960K
  class space    used 1934K, committed 2048K, reserved 1048576K
}
Event: 2,729 GC heap before
{Heap before GC invocations=4 (full 0):
 garbage-first heap   total 260096K, used 28431K [0x0000000707a00000, 0x0000000800000000)
  region size 2048K, 10 young (20480K), 3 survivors (6144K)
 Metaspace       used 21024K, committed 21248K, reserved 1073152K
  class space    used 2187K, committed 2304K, reserved 1048576K
}
Event: 2,732 GC heap after
{Heap after GC invocations=5 (full 0):
 garbage-first heap   total 260096K, used 17558K [0x0000000707a00000, 0x0000000800000000)
  region size 2048K, 4 young (8192K), 4 survivors (8192K)
 Metaspace       used 21024K, committed 21248K, reserved 1073152K
  class space    used 2187K, committed 2304K, reserved 1048576K
}

