# JRE version: OpenJDK Runtime Environment (16.0.2+7) (build 16.0.2+7-67)
# Java VM: OpenJDK 64-Bit Server VM (16.0.2+7-67, mixed mode, sharing, tiered, compressed oops, compressed class ptrs, g1 gc, linux-amd64)
GC Precious Log:
 CPUs: 8 total, 8 available
 Memory: 15892M
 Large Page Support: Disabled
 NUMA Support: Disabled
 Compressed Oops: Enabled (Zero based)
 Heap Region Size: 2M
 Heap Min Capacity: 8M
 Heap Initial Capacity: 250M
 Heap Max Capacity: 3974M
 Pre-touch: Disabled
 Parallel Workers: 8
 Concurrent Workers: 2
 Concurrent Refinement Workers: 8
 Periodic GC: Disabled
Heap:
 garbage-first heap   total 75776K, used 21369K [0x0000000707a00000, 0x0000000800000000)
  region size 2048K, 5 young (10240K), 2 survivors (4096K)
 Metaspace       used 24936K, committed 25216K, reserved 1073152K
  class space    used 2332K, committed 2432K, reserved 1048576K
GC Heap History (10 events):
Event: 0,370 GC heap before
{Heap before GC invocations=0 (full 0):
 garbage-first heap   total 260096K, used 22484K [0x0000000707a00000, 0x0000000800000000)
  region size 2048K, 11 young (22528K), 0 survivors (0K)
 Metaspace       used 3223K, committed 3328K, reserved 1056768K
  class space    used 332K, committed 384K, reserved 1048576K
}
Event: 0,376 GC heap after
{Heap after GC invocations=1 (full 0):
 garbage-first heap   total 260096K, used 6191K [0x0000000707a00000, 0x0000000800000000)
  region size 2048K, 2 young (4096K), 2 survivors (4096K)
 Metaspace       used 3223K, committed 3328K, reserved 1056768K
  class space    used 332K, committed 384K, reserved 1048576K
}
Event: 1,812 GC heap before
{Heap before GC invocations=1 (full 0):
 garbage-first heap   total 260096K, used 38959K [0x0000000707a00000, 0x0000000800000000)
  region size 2048K, 19 young (38912K), 2 survivors (4096K)
 Metaspace       used 17479K, committed 17792K, reserved 1064960K
  class space    used 1918K, committed 2048K, reserved 1048576K
}
Event: 1,816 GC heap after
{Heap after GC invocations=2 (full 0):
 garbage-first heap   total 260096K, used 10183K [0x0000000707a00000, 0x0000000800000000)
  region size 2048K, 3 young (6144K), 3 survivors (6144K)
 Metaspace       used 17479K, committed 17792K, reserved 1064960K
  class space    used 1918K, committed 2048K, reserved 1048576K
}
Event: 2,150 GC heap before
{Heap before GC invocations=2 (full 0):
 garbage-first heap   total 260096K, used 161735K [0x0000000707a00000, 0x0000000800000000)
  region size 2048K, 75 young (153600K), 3 survivors (6144K)
 Metaspace       used 17628K, committed 17856K, reserved 1064960K
  class space    used 1933K, committed 2048K, reserved 1048576K
}
Event: 2,153 GC heap after
{Heap after GC invocations=3 (full 0):
 garbage-first heap   total 260096K, used 15855K [0x0000000707a00000, 0x0000000800000000)
  region size 2048K, 3 young (6144K), 3 survivors (6144K)
 Metaspace       used 17628K, committed 17856K, reserved 1064960K
  class space    used 1933K, committed 2048K, reserved 1048576K
}
Event: 2,470 GC heap before
{Heap before GC invocations=3 (full 0):
 garbage-first heap   total 260096K, used 56815K [0x0000000707a00000, 0x0000000800000000)
  region size 2048K, 24 young (49152K), 3 survivors (6144K)
 Metaspace       used 21021K, committed 21248K, reserved 1073152K
  class space    used 2187K, committed 2304K, reserved 1048576K
}
Event: 2,473 GC heap after
{Heap after GC invocations=4 (full 0):
 garbage-first heap   total 260096K, used 17063K [0x0000000707a00000, 0x0000000800000000)
  region size 2048K, 4 young (8192K), 4 survivors (8192K)
 Metaspace       used 21021K, committed 21248K, reserved 1073152K
  class space    used 2187K, committed 2304K, reserved 1048576K
}
Event: 4,062 GC heap before
{Heap before GC invocations=5 (full 0):
 garbage-first heap   total 75776K, used 53927K [0x0000000707a00000, 0x0000000800000000)
  region size 2048K, 22 young (45056K), 4 survivors (8192K)
 Metaspace       used 24846K, committed 25152K, reserved 1073152K
  class space    used 2327K, committed 2432K, reserved 1048576K
}
Event: 4,070 GC heap after
{Heap after GC invocations=6 (full 0):
 garbage-first heap   total 75776K, used 17273K [0x0000000707a00000, 0x0000000800000000)
  region size 2048K, 2 young (4096K), 2 survivors (4096K)
 Metaspace       used 24846K, committed 25152K, reserved 1073152K
  class space    used 2327K, committed 2432K, reserved 1048576K
}

